<?xml version="1.0" encoding="UTF-8"?>
<testng-results skipped="0" failed="0" ignored="2" total="4" passed="2">
  <reporter-output>
  </reporter-output>
  <suite name="Suite1" duration-ms="93" started-at="2017-03-14T18:34:56Z" finished-at="2017-03-14T18:34:56Z">
    <groups>
    </groups>
    <test name="Test1" duration-ms="5" started-at="2017-03-14T18:34:56Z" finished-at="2017-03-14T18:34:56Z">
    </test> <!-- Test1 -->
    <test name="Test2" duration-ms="33" started-at="2017-03-14T18:34:56Z" finished-at="2017-03-14T18:34:56Z">
      <class name="Test2">
        <test-method status="PASS" signature="setUpClass()[pri:0, instance:Test2@13b6d03]" name="setUpClass" is-config="true" duration-ms="12" started-at="2017-03-14T20:34:56Z" finished-at="2017-03-14T20:34:56Z">
          <reporter-output>
          </reporter-output>
        </test-method> <!-- setUpClass -->
        <test-method status="PASS" signature="setUpMethod()[pri:0, instance:Test2@13b6d03]" name="setUpMethod" is-config="true" duration-ms="0" started-at="2017-03-14T20:34:56Z" finished-at="2017-03-14T20:34:56Z">
          <reporter-output>
          </reporter-output>
        </test-method> <!-- setUpMethod -->
        <test-method status="PASS" signature="firstTest()[pri:0, instance:Test2@13b6d03]" name="firstTest" duration-ms="1" started-at="2017-03-14T20:34:56Z" finished-at="2017-03-14T20:34:56Z">
          <reporter-output>
          </reporter-output>
        </test-method> <!-- firstTest -->
        <test-method status="PASS" signature="tearDownMethod()[pri:0, instance:Test2@13b6d03]" name="tearDownMethod" is-config="true" duration-ms="0" started-at="2017-03-14T20:34:56Z" finished-at="2017-03-14T20:34:56Z">
          <reporter-output>
          </reporter-output>
        </test-method> <!-- tearDownMethod -->
        <test-method status="PASS" signature="setUpMethod()[pri:0, instance:Test2@13b6d03]" name="setUpMethod" is-config="true" duration-ms="0" started-at="2017-03-14T20:34:56Z" finished-at="2017-03-14T20:34:56Z">
          <reporter-output>
          </reporter-output>
        </test-method> <!-- setUpMethod -->
        <test-method status="PASS" signature="secondTest()[pri:0, instance:Test2@13b6d03]" name="secondTest" duration-ms="0" started-at="2017-03-14T20:34:56Z" finished-at="2017-03-14T20:34:56Z">
          <reporter-output>
          </reporter-output>
        </test-method> <!-- secondTest -->
        <test-method status="PASS" signature="tearDownClass()[pri:0, instance:Test2@13b6d03]" name="tearDownClass" is-config="true" duration-ms="1" started-at="2017-03-14T20:34:56Z" finished-at="2017-03-14T20:34:56Z">
          <reporter-output>
          </reporter-output>
        </test-method> <!-- tearDownClass -->
        <test-method status="PASS" signature="tearDownMethod()[pri:0, instance:Test2@13b6d03]" name="tearDownMethod" is-config="true" duration-ms="0" started-at="2017-03-14T20:34:56Z" finished-at="2017-03-14T20:34:56Z">
          <reporter-output>
          </reporter-output>
        </test-method> <!-- tearDownMethod -->
      </class> <!-- Test2 -->
    </test> <!-- Test2 -->
  </suite> <!-- Suite1 -->
</testng-results>
